----------------------------------------------------------
19/09/20 15:44:18 - ----------------------------------------------------------
Form: Principal
19/09/20 15:44:18 - Form: Principal
Caption: Download
19/09/20 15:44:18 - Caption: Download
Classe: EAccessViolation
19/09/20 15:44:18 - Classe: EAccessViolation
Erro: Access violation at address 008BCEEE in module 'Download.exe'. Read of address 00000000
19/09/20 15:44:18 - Erro: Access violation at address 008BCEEE in module 'Download.exe'. Read of address 00000000
----------------------------------------------------------
19/09/20 15:44:18 - ----------------------------------------------------------
----------------------------------------------------------
19/09/20 15:44:21 - ----------------------------------------------------------
Form: Principal
19/09/20 15:44:21 - Form: Principal
Caption: Download
19/09/20 15:44:21 - Caption: Download
Classe: EAccessViolation
19/09/20 15:44:21 - Classe: EAccessViolation
Erro: Access violation at address 008BCEEE in module 'Download.exe'. Read of address 00000000
19/09/20 15:44:21 - Erro: Access violation at address 008BCEEE in module 'Download.exe'. Read of address 00000000
----------------------------------------------------------
19/09/20 15:44:21 - ----------------------------------------------------------
